<?xml version="1.0" encoding="UTF-8"?>
<!-- Generated by org.testng.reporters.JUnitXMLReporter -->
<testsuite hostname="yonifWork" ignored="0" name="Surefire test" tests="1" failures="1" timestamp="03 מרץ 2019 12:59:48 GMT" time="8.182" errors="0">
  <testcase name="test1" time="2.118" classname="CIGroup.CIProject.TestCases">
    <failure type="java.lang.AssertionError" message="Test Failed, See Error in Report andjava.lang.AssertionError: expected [111Grafana - Home] but found [Grafana - Home]">
      <![CDATA[java.lang.AssertionError: Test Failed, See Error in Report andjava.lang.AssertionError: expected [111Grafana - Home] but found [Grafana - Home]
at CIGroup.CIProject.TestCases.test1(TestCases.java:72)
... Removed 31 stack frames]]>
    </failure>
  </testcase> <!-- test1 -->
</testsuite> <!-- Surefire test -->
