<?xml version="1.0" encoding="UTF-8"?>
<testng-results skipped="0" failed="1" ignored="0" total="1" passed="0">
  <reporter-output>
  </reporter-output>
  <suite name="Surefire suite" duration-ms="8182" started-at="2019-03-03T12:59:39Z" finished-at="2019-03-03T12:59:48Z">
    <groups>
    </groups>
    <test name="Surefire test" duration-ms="8182" started-at="2019-03-03T12:59:39Z" finished-at="2019-03-03T12:59:48Z">
      <class name="CIGroup.CIProject.TestCases">
        <test-method status="PASS" signature="startSession()[pri:0, instance:CIGroup.CIProject.TestCases@59e84876]" name="startSession" is-config="true" duration-ms="5176" started-at="2019-03-03T12:59:39Z" finished-at="2019-03-03T12:59:45Z">
          <reporter-output>
          </reporter-output>
        </test-method> <!-- startSession -->
        <test-method status="FAIL" signature="test1()[pri:0, instance:CIGroup.CIProject.TestCases@59e84876]" name="test1" duration-ms="2118" started-at="2019-03-03T12:59:45Z" finished-at="2019-03-03T12:59:47Z">
          <exception class="java.lang.AssertionError">
            <message>
              <![CDATA[Test Failed, See Error in Report andjava.lang.AssertionError: expected [111Grafana - Home] but found [Grafana - Home]]]>
            </message>
            <full-stacktrace>
              <![CDATA[java.lang.AssertionError: Test Failed, See Error in Report andjava.lang.AssertionError: expected [111Grafana - Home] but found [Grafana - Home]
at org.testng.Assert.fail(Assert.java:96)
at CIGroup.CIProject.TestCases.test1(TestCases.java:72)
at sun.reflect.NativeMethodAccessorImpl.invoke0(Native Method)
at sun.reflect.NativeMethodAccessorImpl.invoke(NativeMethodAccessorImpl.java:62)
at sun.reflect.DelegatingMethodAccessorImpl.invoke(DelegatingMethodAccessorImpl.java:43)
at java.lang.reflect.Method.invoke(Method.java:498)
at org.testng.internal.MethodInvocationHelper.invokeMethod(MethodInvocationHelper.java:124)
at org.testng.internal.Invoker.invokeMethod(Invoker.java:583)
at org.testng.internal.Invoker.invokeTestMethod(Invoker.java:719)
at org.testng.internal.Invoker.invokeTestMethods(Invoker.java:989)
at org.testng.internal.TestMethodWorker.invokeTestMethods(TestMethodWorker.java:125)
at org.testng.internal.TestMethodWorker.run(TestMethodWorker.java:109)
at org.testng.TestRunner.privateRun(TestRunner.java:648)
at org.testng.TestRunner.run(TestRunner.java:505)
at org.testng.SuiteRunner.runTest(SuiteRunner.java:455)
at org.testng.SuiteRunner.runSequentially(SuiteRunner.java:450)
at org.testng.SuiteRunner.privateRun(SuiteRunner.java:415)
at org.testng.SuiteRunner.run(SuiteRunner.java:364)
at org.testng.SuiteRunnerWorker.runSuite(SuiteRunnerWorker.java:52)
at org.testng.SuiteRunnerWorker.run(SuiteRunnerWorker.java:84)
at org.testng.TestNG.runSuitesSequentially(TestNG.java:1208)
at org.testng.TestNG.runSuitesLocally(TestNG.java:1137)
at org.testng.TestNG.runSuites(TestNG.java:1049)
at org.testng.TestNG.run(TestNG.java:1017)
at org.apache.maven.surefire.testng.TestNGExecutor.run(TestNGExecutor.java:135)
at org.apache.maven.surefire.testng.TestNGDirectoryTestSuite.executeSingleClass(TestNGDirectoryTestSuite.java:112)
at org.apache.maven.surefire.testng.TestNGDirectoryTestSuite.execute(TestNGDirectoryTestSuite.java:99)
at org.apache.maven.surefire.testng.TestNGProvider.invoke(TestNGProvider.java:146)
at org.apache.maven.surefire.booter.ForkedBooter.invokeProviderInSameClassLoader(ForkedBooter.java:373)
at org.apache.maven.surefire.booter.ForkedBooter.runSuitesInProcess(ForkedBooter.java:334)
at org.apache.maven.surefire.booter.ForkedBooter.execute(ForkedBooter.java:119)
at org.apache.maven.surefire.booter.ForkedBooter.main(ForkedBooter.java:407)
]]>
            </full-stacktrace>
          </exception> <!-- java.lang.AssertionError -->
          <reporter-output>
          </reporter-output>
        </test-method> <!-- test1 -->
        <test-method status="PASS" signature="closeTest()[pri:0, instance:CIGroup.CIProject.TestCases@59e84876]" name="closeTest" is-config="true" duration-ms="2" started-at="2019-03-03T12:59:47Z" finished-at="2019-03-03T12:59:47Z">
          <reporter-output>
          </reporter-output>
        </test-method> <!-- closeTest -->
        <test-method status="PASS" signature="closeSession()[pri:0, instance:CIGroup.CIProject.TestCases@59e84876]" name="closeSession" is-config="true" duration-ms="866" started-at="2019-03-03T12:59:47Z" finished-at="2019-03-03T12:59:48Z">
          <reporter-output>
          </reporter-output>
        </test-method> <!-- closeSession -->
      </class> <!-- CIGroup.CIProject.TestCases -->
    </test> <!-- Surefire test -->
  </suite> <!-- Surefire suite -->
</testng-results>
